<?xml version="1.0" encoding="UTF-8"?>
<!-- Generated by org.testng.reporters.JUnitXMLReporter -->
<testsuite hostname="Lenovo-PC" ignored="0" name="Test" tests="1" failures="0" timestamp="2021-01-30T14:03:17 EST" time="25.446" errors="0">
  <testcase name="@BeforeClass setUp" time="25.364" classname="com.Bank.testCases.BaseClass">
    <failure type="org.openqa.selenium.WebDriverException" message="unknown error: Chrome failed to start: exited normally.
  (unknown error: DevToolsActivePort file doesn&amp;apos;t exist)
  (The process started from chrome location C:\Program Files (x86)\Google\Chrome\Application\chrome.exe is no longer running, so ChromeDriver is assuming that Chrome has crashed.)
Build info: version: &amp;apos;3.141.59&amp;apos;, revision: &amp;apos;e82be7d358&amp;apos;, time: &amp;apos;2018-11-14T08:17:03&amp;apos;
System info: host: &amp;apos;LENOVO-PC&amp;apos;, ip: &amp;apos;192.168.1.74&amp;apos;, os.name: &amp;apos;Windows 10&amp;apos;, os.arch: &amp;apos;amd64&amp;apos;, os.version: &amp;apos;10.0&amp;apos;, java.version: &amp;apos;1.8.0_202&amp;apos;
Driver info: driver.version: ChromeDriver
remote stacktrace: Backtrace:
	Ordinal0 [0x0080C013+3194899]
	Ordinal0 [0x006F6021+2056225]
	Ordinal0 [0x0058F608+587272]
	Ordinal0 [0x0050E5D2+58834]
	Ordinal0 [0x0050C64A+50762]
	Ordinal0 [0x00531EE9+204521]
	Ordinal0 [0x00531D0D+204045]
	Ordinal0 [0x0052FC1B+195611]
	Ordinal0 [0x00513B7F+80767]
	Ordinal0 [0x00514B4E+84814]
	Ordinal0 [0x00514AD9+84697]
	Ordinal0 [0x0070CE64+2149988]
	GetHandleVerifier [0x0097BE95+1400773]
	GetHandleVerifier [0x0097BB61+1399953]
	GetHandleVerifier [0x009831FA+1430314]
	GetHandleVerifier [0x0097C69F+1402831]
	Ordinal0 [0x00703D61+2112865]
	Ordinal0 [0x0070E5CB+2155979]
	Ordinal0 [0x0070E6F5+2156277]
	Ordinal0 [0x0071F26E+2224750]
	BaseThreadInitThunk [0x76D0FA29+25]
	RtlGetAppContainerNamedObjectPath [0x775F75F4+228]
	RtlGetAppContainerNamedObjectPath [0x775F75C4+180]
">
      <![CDATA[org.openqa.selenium.WebDriverException: unknown error: Chrome failed to start: exited normally.
  (unknown error: DevToolsActivePort file doesn't exist)
  (The process started from chrome location C:\Program Files (x86)\Google\Chrome\Application\chrome.exe is no longer running, so ChromeDriver is assuming that Chrome has crashed.)
Build info: version: '3.141.59', revision: 'e82be7d358', time: '2018-11-14T08:17:03'
System info: host: 'LENOVO-PC', ip: '192.168.1.74', os.name: 'Windows 10', os.arch: 'amd64', os.version: '10.0', java.version: '1.8.0_202'
Driver info: driver.version: ChromeDriver
remote stacktrace: Backtrace:
Ordinal0 [0x0080C013+3194899]
Ordinal0 [0x006F6021+2056225]
Ordinal0 [0x0058F608+587272]
Ordinal0 [0x0050E5D2+58834]
Ordinal0 [0x0050C64A+50762]
Ordinal0 [0x00531EE9+204521]
Ordinal0 [0x00531D0D+204045]
Ordinal0 [0x0052FC1B+195611]
Ordinal0 [0x00513B7F+80767]
Ordinal0 [0x00514B4E+84814]
Ordinal0 [0x00514AD9+84697]
Ordinal0 [0x0070CE64+2149988]
GetHandleVerifier [0x0097BE95+1400773]
GetHandleVerifier [0x0097BB61+1399953]
GetHandleVerifier [0x009831FA+1430314]
GetHandleVerifier [0x0097C69F+1402831]
Ordinal0 [0x00703D61+2112865]
Ordinal0 [0x0070E5CB+2155979]
Ordinal0 [0x0070E6F5+2156277]
Ordinal0 [0x0071F26E+2224750]
BaseThreadInitThunk [0x76D0FA29+25]
RtlGetAppContainerNamedObjectPath [0x775F75F4+228]
RtlGetAppContainerNamedObjectPath [0x775F75C4+180]

at org.openqa.selenium.remote.W3CHandshakeResponse.lambda$errorHandler$0(W3CHandshakeResponse.java:62)
at org.openqa.selenium.remote.HandshakeResponse.lambda$getResponseFunction$0(HandshakeResponse.java:30)
at org.openqa.selenium.remote.ProtocolHandshake.lambda$createSession$0(ProtocolHandshake.java:126)
at java.util.stream.ReferencePipeline$3$1.accept(ReferencePipeline.java:193)
at java.util.Spliterators$ArraySpliterator.tryAdvance(Spliterators.java:958)
at java.util.stream.ReferencePipeline.forEachWithCancel(ReferencePipeline.java:126)
at java.util.stream.AbstractPipeline.copyIntoWithCancel(AbstractPipeline.java:498)
at java.util.stream.AbstractPipeline.copyInto(AbstractPipeline.java:485)
at java.util.stream.AbstractPipeline.wrapAndCopyInto(AbstractPipeline.java:471)
at java.util.stream.FindOps$FindOp.evaluateSequential(FindOps.java:152)
at java.util.stream.AbstractPipeline.evaluate(AbstractPipeline.java:234)
at java.util.stream.ReferencePipeline.findFirst(ReferencePipeline.java:464)
at org.openqa.selenium.remote.ProtocolHandshake.createSession(ProtocolHandshake.java:128)
at org.openqa.selenium.remote.ProtocolHandshake.createSession(ProtocolHandshake.java:74)
at org.openqa.selenium.remote.HttpCommandExecutor.execute(HttpCommandExecutor.java:136)
at org.openqa.selenium.remote.service.DriverCommandExecutor.execute(DriverCommandExecutor.java:83)
at org.openqa.selenium.remote.RemoteWebDriver.execute(RemoteWebDriver.java:552)
at org.openqa.selenium.remote.RemoteWebDriver.startSession(RemoteWebDriver.java:213)
at org.openqa.selenium.remote.RemoteWebDriver.<init>(RemoteWebDriver.java:131)
at org.openqa.selenium.chrome.ChromeDriver.<init>(ChromeDriver.java:181)
at org.openqa.selenium.chrome.ChromeDriver.<init>(ChromeDriver.java:168)
at org.openqa.selenium.chrome.ChromeDriver.<init>(ChromeDriver.java:123)
at com.Bank.testCases.BaseClass.setUp(BaseClass.java:20)
at java.util.ArrayList.forEach(ArrayList.java:1257)
... Removed 29 stack frames]]>
    </failure>
  </testcase> <!-- @BeforeClass setUp -->
  <testcase name="@AfterClass tearDown" time="-1.61203339773E9" classname="com.Bank.testCases.BaseClass">
    <skipped/>
  </testcase> <!-- @AfterClass tearDown -->
  <testcase name="loginPage" time="0.0" classname="com.Bank.testCases.TC_loginPage_001">
    <skipped/>
  </testcase> <!-- loginPage -->
</testsuite> <!-- Test -->
